[ 2016-09-09T01:19:34+08:00 ] 127.0.0.1 /
INFO: [ app_init ] --START--
INFO: Run Behavior\BuildLiteBehavior [ RunTime:0.000035s ]
INFO: [ app_init ] --END-- [ RunTime:0.001136s ]
INFO: [ app_begin ] --START--
INFO: Run Behavior\ReadHtmlCacheBehavior [ RunTime:0.001258s ]
INFO: [ app_begin ] --END-- [ RunTime:0.001368s ]
INFO: [ view_parse ] --START--
INFO: [ template_filter ] --START--
INFO: Run Behavior\ContentReplaceBehavior [ RunTime:0.000069s ]
INFO: [ template_filter ] --END-- [ RunTime:0.000176s ]
NOTIC: [8] Undefined variable: web_title E:\WWW\Application\Runtime\Cache\Home\2a94b8bda04ff446dcedd42276fc99ee.php 第 4 行.
INFO: Run Behavior\ParseTemplateBehavior [ RunTime:0.011650s ]
INFO: [ view_parse ] --END-- [ RunTime:0.011750s ]
INFO: [ view_filter ] --START--
INFO: Run Behavior\WriteHtmlCacheBehavior [ RunTime:0.012883s ]
INFO: [ view_filter ] --END-- [ RunTime:0.012999s ]
INFO: [ app_end ] --START--
INFO: Run Behavior\ShowPageTraceBehavior [ RunTime:0.001672s ]
INFO: [ app_end ] --END-- [ RunTime:0.001773s ]

[ 2016-09-09T01:19:40+08:00 ] 127.0.0.1 /index.php?c=clearing
INFO: [ app_init ] --START--
INFO: Run Behavior\BuildLiteBehavior [ RunTime:0.000031s ]
INFO: [ app_init ] --END-- [ RunTime:0.000918s ]
INFO: [ app_begin ] --START--
INFO: Run Behavior\ReadHtmlCacheBehavior [ RunTime:0.000832s ]
INFO: [ app_begin ] --END-- [ RunTime:0.000940s ]
SQL: SHOW COLUMNS FROM `safe_ak` [ RunTime:0.0257s ]
SQL: SELECT * FROM `safe_ak` WHERE ( ak="W60OAjmsIcTGyFpD3Tyz0apoSpFDGYHw" ) LIMIT 1   [ RunTime:0.0011s ]
INFO: [ app_end ] --START--
INFO: Run Behavior\ShowPageTraceBehavior [ RunTime:0.001733s ]
INFO: [ app_end ] --END-- [ RunTime:0.001894s ]

[ 2016-09-09T01:20:06+08:00 ] 127.0.0.1 /
INFO: [ app_init ] --START--
INFO: Run Behavior\BuildLiteBehavior [ RunTime:0.000023s ]
INFO: [ app_init ] --END-- [ RunTime:0.000552s ]
INFO: [ app_begin ] --START--
INFO: Run Behavior\ReadHtmlCacheBehavior [ RunTime:0.000844s ]
INFO: [ app_begin ] --END-- [ RunTime:0.000940s ]
INFO: [ view_parse ] --START--
INFO: [ template_filter ] --START--
INFO: Run Behavior\ContentReplaceBehavior [ RunTime:0.000058s ]
INFO: [ template_filter ] --END-- [ RunTime:0.000167s ]
NOTIC: [8] Undefined variable: web_title E:\WWW\Application\Runtime\Cache\Home\2a94b8bda04ff446dcedd42276fc99ee.php 第 4 行.
INFO: Run Behavior\ParseTemplateBehavior [ RunTime:0.009207s ]
INFO: [ view_parse ] --END-- [ RunTime:0.009301s ]
INFO: [ view_filter ] --START--
INFO: Run Behavior\WriteHtmlCacheBehavior [ RunTime:0.000474s ]
INFO: [ view_filter ] --END-- [ RunTime:0.000548s ]
INFO: [ app_end ] --START--
INFO: Run Behavior\ShowPageTraceBehavior [ RunTime:0.000753s ]
INFO: [ app_end ] --END-- [ RunTime:0.000832s ]

[ 2016-09-09T01:20:07+08:00 ] 127.0.0.1 /
INFO: [ app_init ] --START--
INFO: Run Behavior\BuildLiteBehavior [ RunTime:0.000025s ]
INFO: [ app_init ] --END-- [ RunTime:0.000647s ]
INFO: [ app_begin ] --START--
INFO: Run Behavior\ReadHtmlCacheBehavior [ RunTime:0.000668s ]
INFO: [ app_begin ] --END-- [ RunTime:0.000763s ]
INFO: [ view_parse ] --START--
INFO: [ template_filter ] --START--
INFO: Run Behavior\ContentReplaceBehavior [ RunTime:0.000056s ]
INFO: [ template_filter ] --END-- [ RunTime:0.000158s ]
NOTIC: [8] Undefined variable: web_title E:\WWW\Application\Runtime\Cache\Home\2a94b8bda04ff446dcedd42276fc99ee.php 第 4 行.
INFO: Run Behavior\ParseTemplateBehavior [ RunTime:0.007987s ]
INFO: [ view_parse ] --END-- [ RunTime:0.008077s ]
INFO: [ view_filter ] --START--
INFO: Run Behavior\WriteHtmlCacheBehavior [ RunTime:0.000367s ]
INFO: [ view_filter ] --END-- [ RunTime:0.000440s ]
INFO: [ app_end ] --START--
INFO: Run Behavior\ShowPageTraceBehavior [ RunTime:0.000660s ]
INFO: [ app_end ] --END-- [ RunTime:0.000740s ]

[ 2016-09-09T01:20:10+08:00 ] 127.0.0.1 /index.php?c=trueskill
INFO: [ app_init ] --START--
INFO: Run Behavior\BuildLiteBehavior [ RunTime:0.000023s ]
INFO: [ app_init ] --END-- [ RunTime:0.000486s ]
INFO: [ app_begin ] --START--
INFO: Run Behavior\ReadHtmlCacheBehavior [ RunTime:0.002891s ]
INFO: [ app_begin ] --END-- [ RunTime:0.003021s ]
SQL: SHOW COLUMNS FROM `safe_ak` [ RunTime:0.0191s ]
SQL: SELECT * FROM `safe_ak` WHERE ( ak="W60OAjmsIcTGyFpD3Tyz0apoSpFDGYHw" ) LIMIT 1   [ RunTime:0.0005s ]
SQL: SHOW COLUMNS FROM `rating_index` [ RunTime:0.0332s ]
SQL: SELECT * FROM `rating_index` WHERE ( username="ac" ) LIMIT 1   [ RunTime:0.0013s ]
SQL: INSERT INTO `rating_index` (`username`) VALUES ('ac') [ RunTime:0.0011s ]
SQL: SELECT * FROM `rating_index` WHERE ( username="aa" ) LIMIT 1   [ RunTime:0.0005s ]
SQL: INSERT INTO `rating_index` (`username`) VALUES ('aa') [ RunTime:0.0005s ]
SQL: SELECT * FROM `rating_index` WHERE ( username="ac" ) LIMIT 1   [ RunTime:0.0004s ]
SQL: SELECT * FROM `rating_index` WHERE ( username="aa" ) LIMIT 1   [ RunTime:0.0003s ]
SQL: UPDATE `rating_index` SET `games`='1',`win`='0',`lose`='1',`last`='0',`u`='5',`o`='5' WHERE ( username="ac" ) [ RunTime:0.0003s ]
SQL: UPDATE `rating_index` SET `games`='1',`win`='1',`lose`='0',`last`='1',`u`='5',`o`='5' WHERE ( username="aa" ) [ RunTime:0.0003s ]
INFO: [ app_end ] --START--
INFO: Run Behavior\ShowPageTraceBehavior [ RunTime:0.000935s ]
INFO: [ app_end ] --END-- [ RunTime:0.001026s ]

[ 2016-09-09T01:20:27+08:00 ] 127.0.0.1 /index.php?c=trueskill
INFO: [ app_init ] --START--
INFO: Run Behavior\BuildLiteBehavior [ RunTime:0.000024s ]
INFO: [ app_init ] --END-- [ RunTime:0.000502s ]
INFO: [ app_begin ] --START--
INFO: Run Behavior\ReadHtmlCacheBehavior [ RunTime:0.000675s ]
INFO: [ app_begin ] --END-- [ RunTime:0.000784s ]
SQL: SHOW COLUMNS FROM `safe_ak` [ RunTime:0.0139s ]
SQL: SELECT * FROM `safe_ak` WHERE ( ak="W60OAjmsIcTGyFpD3Tyz0apoSpFDGYHw" ) LIMIT 1   [ RunTime:0.0005s ]
SQL: SHOW COLUMNS FROM `rating_index` [ RunTime:0.0330s ]
SQL: SELECT * FROM `rating_index` WHERE ( username="ac" ) LIMIT 1   [ RunTime:0.0005s ]
SQL: SELECT * FROM `rating_index` WHERE ( username="aa" ) LIMIT 1   [ RunTime:0.0003s ]
SQL: SELECT * FROM `rating_index` WHERE ( username="ac" ) LIMIT 1   [ RunTime:0.0003s ]
SQL: SELECT * FROM `rating_index` WHERE ( username="aa" ) LIMIT 1   [ RunTime:0.0002s ]
SQL: UPDATE `rating_index` SET `games`='2',`win`='0',`lose`='2',`last`='0',`u`='10',`o`='10' WHERE ( username="ac" ) [ RunTime:0.0003s ]
SQL: UPDATE `rating_index` SET `games`='2',`win`='2',`lose`='0',`last`='1',`u`='10',`o`='10' WHERE ( username="aa" ) [ RunTime:0.0002s ]
INFO: [ app_end ] --START--
INFO: Run Behavior\ShowPageTraceBehavior [ RunTime:0.001005s ]
INFO: [ app_end ] --END-- [ RunTime:0.001102s ]

[ 2016-09-09T01:29:42+08:00 ] 127.0.0.1 /
INFO: [ app_init ] --START--
INFO: Run Behavior\BuildLiteBehavior [ RunTime:0.000033s ]
INFO: [ app_init ] --END-- [ RunTime:0.001219s ]
INFO: [ app_begin ] --START--
INFO: Run Behavior\ReadHtmlCacheBehavior [ RunTime:0.000813s ]
INFO: [ app_begin ] --END-- [ RunTime:0.000916s ]
INFO: [ view_parse ] --START--
INFO: [ template_filter ] --START--
INFO: Run Behavior\ContentReplaceBehavior [ RunTime:0.000058s ]
INFO: [ template_filter ] --END-- [ RunTime:0.000158s ]
NOTIC: [8] Undefined variable: web_title E:\WWW\Application\Runtime\Cache\Home\2a94b8bda04ff446dcedd42276fc99ee.php 第 4 行.
INFO: Run Behavior\ParseTemplateBehavior [ RunTime:0.008623s ]
INFO: [ view_parse ] --END-- [ RunTime:0.008718s ]
INFO: [ view_filter ] --START--
INFO: Run Behavior\WriteHtmlCacheBehavior [ RunTime:0.000491s ]
INFO: [ view_filter ] --END-- [ RunTime:0.000566s ]
INFO: [ app_end ] --START--
INFO: Run Behavior\ShowPageTraceBehavior [ RunTime:0.000758s ]
INFO: [ app_end ] --END-- [ RunTime:0.000840s ]

[ 2016-09-09T01:29:50+08:00 ] 127.0.0.1 /index.php?c=trueskill
INFO: [ app_init ] --START--
INFO: Run Behavior\BuildLiteBehavior [ RunTime:0.000025s ]
INFO: [ app_init ] --END-- [ RunTime:0.000571s ]
INFO: [ app_begin ] --START--
INFO: Run Behavior\ReadHtmlCacheBehavior [ RunTime:0.000808s ]
INFO: [ app_begin ] --END-- [ RunTime:0.000911s ]
SQL: SHOW COLUMNS FROM `safe_ak` [ RunTime:0.0266s ]
SQL: SELECT * FROM `safe_ak` WHERE ( ak="W60OAjmsIcTGyFpD3Tyz0apoSpFDGYHw" ) LIMIT 1   [ RunTime:0.0005s ]
SQL: SHOW COLUMNS FROM `rating_index` [ RunTime:0.0258s ]
SQL: SELECT * FROM `rating_index` WHERE ( username="ac" ) LIMIT 1   [ RunTime:0.0007s ]
SQL: SELECT * FROM `rating_index` WHERE ( username="aa" ) LIMIT 1   [ RunTime:0.0003s ]
SQL: SELECT * FROM `rating_index` WHERE ( username="ac" ) LIMIT 1   [ RunTime:0.0003s ]
SQL: SELECT * FROM `rating_index` WHERE ( username="aa" ) LIMIT 1   [ RunTime:0.0004s ]
SQL: UPDATE `rating_index` SET `games`='3',`win`='0',`lose`='3',`last`='0',`u`='15',`o`='15' WHERE ( username="ac" ) [ RunTime:0.0008s ]
SQL: UPDATE `rating_index` SET `games`='3',`win`='3',`lose`='0',`last`='1',`u`='15',`o`='15' WHERE ( username="aa" ) [ RunTime:0.0003s ]
INFO: [ app_end ] --START--
INFO: Run Behavior\ShowPageTraceBehavior [ RunTime:0.001059s ]
INFO: [ app_end ] --END-- [ RunTime:0.001151s ]

[ 2016-09-09T01:30:43+08:00 ] 127.0.0.1 /
INFO: [ app_init ] --START--
INFO: Run Behavior\BuildLiteBehavior [ RunTime:0.000028s ]
INFO: [ app_init ] --END-- [ RunTime:0.000822s ]
INFO: [ app_begin ] --START--
INFO: Run Behavior\ReadHtmlCacheBehavior [ RunTime:0.000792s ]
INFO: [ app_begin ] --END-- [ RunTime:0.000902s ]
INFO: [ view_parse ] --START--
INFO: [ template_filter ] --START--
INFO: Run Behavior\ContentReplaceBehavior [ RunTime:0.000063s ]
INFO: [ template_filter ] --END-- [ RunTime:0.000188s ]
NOTIC: [8] Undefined variable: web_title E:\WWW\Application\Runtime\Cache\Home\2a94b8bda04ff446dcedd42276fc99ee.php 第 4 行.
INFO: Run Behavior\ParseTemplateBehavior [ RunTime:0.008308s ]
INFO: [ view_parse ] --END-- [ RunTime:0.008400s ]
INFO: [ view_filter ] --START--
INFO: Run Behavior\WriteHtmlCacheBehavior [ RunTime:0.000364s ]
INFO: [ view_filter ] --END-- [ RunTime:0.000436s ]
INFO: [ app_end ] --START--
INFO: Run Behavior\ShowPageTraceBehavior [ RunTime:0.000663s ]
INFO: [ app_end ] --END-- [ RunTime:0.000742s ]

[ 2016-09-09T01:30:44+08:00 ] 127.0.0.1 /
INFO: [ app_init ] --START--
INFO: Run Behavior\BuildLiteBehavior [ RunTime:0.000024s ]
INFO: [ app_init ] --END-- [ RunTime:0.000493s ]
INFO: [ app_begin ] --START--
INFO: Run Behavior\ReadHtmlCacheBehavior [ RunTime:0.000652s ]
INFO: [ app_begin ] --END-- [ RunTime:0.000744s ]
INFO: [ view_parse ] --START--
INFO: [ template_filter ] --START--
INFO: Run Behavior\ContentReplaceBehavior [ RunTime:0.000057s ]
INFO: [ template_filter ] --END-- [ RunTime:0.000158s ]
NOTIC: [8] Undefined variable: web_title E:\WWW\Application\Runtime\Cache\Home\2a94b8bda04ff446dcedd42276fc99ee.php 第 4 行.
INFO: Run Behavior\ParseTemplateBehavior [ RunTime:0.008594s ]
INFO: [ view_parse ] --END-- [ RunTime:0.008717s ]
INFO: [ view_filter ] --START--
INFO: Run Behavior\WriteHtmlCacheBehavior [ RunTime:0.000569s ]
INFO: [ view_filter ] --END-- [ RunTime:0.000650s ]
INFO: [ app_end ] --START--
INFO: Run Behavior\ShowPageTraceBehavior [ RunTime:0.000708s ]
INFO: [ app_end ] --END-- [ RunTime:0.000791s ]

[ 2016-09-09T01:30:44+08:00 ] 127.0.0.1 /
INFO: [ app_init ] --START--
INFO: Run Behavior\BuildLiteBehavior [ RunTime:0.000023s ]
INFO: [ app_init ] --END-- [ RunTime:0.000493s ]
INFO: [ app_begin ] --START--
INFO: Run Behavior\ReadHtmlCacheBehavior [ RunTime:0.000660s ]
INFO: [ app_begin ] --END-- [ RunTime:0.000756s ]
INFO: [ view_parse ] --START--
INFO: [ template_filter ] --START--
INFO: Run Behavior\ContentReplaceBehavior [ RunTime:0.000056s ]
INFO: [ template_filter ] --END-- [ RunTime:0.000153s ]
NOTIC: [8] Undefined variable: web_title E:\WWW\Application\Runtime\Cache\Home\2a94b8bda04ff446dcedd42276fc99ee.php 第 4 行.
INFO: Run Behavior\ParseTemplateBehavior [ RunTime:0.007309s ]
INFO: [ view_parse ] --END-- [ RunTime:0.007404s ]
INFO: [ view_filter ] --START--
INFO: Run Behavior\WriteHtmlCacheBehavior [ RunTime:0.000373s ]
INFO: [ view_filter ] --END-- [ RunTime:0.000444s ]
INFO: [ app_end ] --START--
INFO: Run Behavior\ShowPageTraceBehavior [ RunTime:0.000646s ]
INFO: [ app_end ] --END-- [ RunTime:0.000726s ]

[ 2016-09-09T01:30:47+08:00 ] 127.0.0.1 /index.php?c=trueskill
INFO: [ app_init ] --START--
INFO: Run Behavior\BuildLiteBehavior [ RunTime:0.000036s ]
INFO: [ app_init ] --END-- [ RunTime:0.001366s ]
INFO: [ app_begin ] --START--
INFO: Run Behavior\ReadHtmlCacheBehavior [ RunTime:0.000969s ]
INFO: [ app_begin ] --END-- [ RunTime:0.001133s ]
SQL: SHOW COLUMNS FROM `safe_ak` [ RunTime:0.0079s ]
SQL: SELECT * FROM `safe_ak` WHERE ( ak="W60OAjmsIcTGyFpD3Tyz0apoSpFDGYHw" ) LIMIT 1   [ RunTime:0.0004s ]
SQL: SHOW COLUMNS FROM `rating_index` [ RunTime:0.0244s ]
SQL: SELECT * FROM `rating_index` WHERE ( username="a" ) LIMIT 1   [ RunTime:0.0007s ]
SQL: INSERT INTO `rating_index` (`username`) VALUES ('a') [ RunTime:0.0005s ]
SQL: SELECT * FROM `rating_index` WHERE ( username="b" ) LIMIT 1   [ RunTime:0.0005s ]
SQL: INSERT INTO `rating_index` (`username`) VALUES ('b') [ RunTime:0.0003s ]
SQL: SELECT * FROM `rating_index` WHERE ( username="a" ) LIMIT 1   [ RunTime:0.0003s ]
SQL: SELECT * FROM `rating_index` WHERE ( username="b" ) LIMIT 1   [ RunTime:0.0003s ]
SQL: UPDATE `rating_index` SET `games`='1',`win`='0',`lose`='1',`last`='0',`u`='5',`o`='5' WHERE ( username="a" ) [ RunTime:0.0003s ]
SQL: UPDATE `rating_index` SET `games`='1',`win`='1',`lose`='0',`last`='1',`u`='5',`o`='5' WHERE ( username="b" ) [ RunTime:0.0003s ]
INFO: [ app_end ] --START--
INFO: Run Behavior\ShowPageTraceBehavior [ RunTime:0.000907s ]
INFO: [ app_end ] --END-- [ RunTime:0.000997s ]

[ 2016-09-09T01:31:06+08:00 ] 127.0.0.1 /index.php?c=trueskill
INFO: [ app_init ] --START--
INFO: Run Behavior\BuildLiteBehavior [ RunTime:0.000028s ]
INFO: [ app_init ] --END-- [ RunTime:0.000564s ]
INFO: [ app_begin ] --START--
INFO: Run Behavior\ReadHtmlCacheBehavior [ RunTime:0.000669s ]
INFO: [ app_begin ] --END-- [ RunTime:0.000768s ]
SQL: SHOW COLUMNS FROM `safe_ak` [ RunTime:0.0268s ]
SQL: SELECT * FROM `safe_ak` WHERE ( ak="W60OAjmsIcTGyFpD3Tyz0apoSpFDGYHw" ) LIMIT 1   [ RunTime:0.0004s ]
SQL: SHOW COLUMNS FROM `rating_index` [ RunTime:0.0238s ]
SQL: SELECT * FROM `rating_index` WHERE ( username="a" ) LIMIT 1   [ RunTime:0.0005s ]
SQL: SELECT * FROM `rating_index` WHERE ( username="b" ) LIMIT 1   [ RunTime:0.0003s ]
SQL: SELECT * FROM `rating_index` WHERE ( username="a" ) LIMIT 1   [ RunTime:0.0002s ]
SQL: SELECT * FROM `rating_index` WHERE ( username="b" ) LIMIT 1   [ RunTime:0.0006s ]
SQL: UPDATE `rating_index` SET `games`='2',`win`='0',`lose`='2',`last`='0',`exp`='800' WHERE ( username="a" ) [ RunTime:0.0005s ]
SQL: UPDATE `rating_index` SET `games`='2',`win`='2',`lose`='0',`last`='1',`exp`='805' WHERE ( username="b" ) [ RunTime:0.0003s ]
INFO: [ app_end ] --START--
INFO: Run Behavior\ShowPageTraceBehavior [ RunTime:0.001213s ]
INFO: [ app_end ] --END-- [ RunTime:0.001323s ]

[ 2016-09-09T01:31:09+08:00 ] 127.0.0.1 /
INFO: [ app_init ] --START--
INFO: Run Behavior\BuildLiteBehavior [ RunTime:0.000023s ]
INFO: [ app_init ] --END-- [ RunTime:0.000492s ]
INFO: [ app_begin ] --START--
INFO: Run Behavior\ReadHtmlCacheBehavior [ RunTime:0.000958s ]
INFO: [ app_begin ] --END-- [ RunTime:0.001072s ]
INFO: [ view_parse ] --START--
INFO: [ template_filter ] --START--
INFO: Run Behavior\ContentReplaceBehavior [ RunTime:0.000056s ]
INFO: [ template_filter ] --END-- [ RunTime:0.000154s ]
NOTIC: [8] Undefined variable: web_title E:\WWW\Application\Runtime\Cache\Home\2a94b8bda04ff446dcedd42276fc99ee.php 第 4 行.
INFO: Run Behavior\ParseTemplateBehavior [ RunTime:0.007351s ]
INFO: [ view_parse ] --END-- [ RunTime:0.007444s ]
INFO: [ view_filter ] --START--
INFO: Run Behavior\WriteHtmlCacheBehavior [ RunTime:0.000380s ]
INFO: [ view_filter ] --END-- [ RunTime:0.000457s ]
INFO: [ app_end ] --START--
INFO: Run Behavior\ShowPageTraceBehavior [ RunTime:0.000655s ]
INFO: [ app_end ] --END-- [ RunTime:0.000734s ]

[ 2016-09-09T01:31:10+08:00 ] 127.0.0.1 /
INFO: [ app_init ] --START--
INFO: Run Behavior\BuildLiteBehavior [ RunTime:0.000023s ]
INFO: [ app_init ] --END-- [ RunTime:0.000478s ]
INFO: [ app_begin ] --START--
INFO: Run Behavior\ReadHtmlCacheBehavior [ RunTime:0.000942s ]
INFO: [ app_begin ] --END-- [ RunTime:0.001228s ]
INFO: [ view_parse ] --START--
INFO: [ template_filter ] --START--
INFO: Run Behavior\ContentReplaceBehavior [ RunTime:0.000057s ]
INFO: [ template_filter ] --END-- [ RunTime:0.000155s ]
NOTIC: [8] Undefined variable: web_title E:\WWW\Application\Runtime\Cache\Home\2a94b8bda04ff446dcedd42276fc99ee.php 第 4 行.
INFO: Run Behavior\ParseTemplateBehavior [ RunTime:0.007375s ]
INFO: [ view_parse ] --END-- [ RunTime:0.007467s ]
INFO: [ view_filter ] --START--
INFO: Run Behavior\WriteHtmlCacheBehavior [ RunTime:0.000360s ]
INFO: [ view_filter ] --END-- [ RunTime:0.000431s ]
INFO: [ app_end ] --START--
INFO: Run Behavior\ShowPageTraceBehavior [ RunTime:0.000646s ]
INFO: [ app_end ] --END-- [ RunTime:0.000723s ]

[ 2016-09-09T01:31:19+08:00 ] 127.0.0.1 /index.php?c=trueskill
INFO: [ app_init ] --START--
INFO: Run Behavior\BuildLiteBehavior [ RunTime:0.000022s ]
INFO: [ app_init ] --END-- [ RunTime:0.000482s ]
INFO: [ app_begin ] --START--
INFO: Run Behavior\ReadHtmlCacheBehavior [ RunTime:0.000649s ]
INFO: [ app_begin ] --END-- [ RunTime:0.000749s ]
SQL: SHOW COLUMNS FROM `safe_ak` [ RunTime:0.0106s ]
SQL: SELECT * FROM `safe_ak` WHERE ( ak="W60OAjmsIcTGyFpD3Tyz0apoSpFDGYHw" ) LIMIT 1   [ RunTime:0.0004s ]
SQL: SHOW COLUMNS FROM `rating_index` [ RunTime:0.0158s ]
SQL: SELECT * FROM `rating_index` WHERE ( username="g" ) LIMIT 1   [ RunTime:0.0005s ]
SQL: INSERT INTO `rating_index` (`username`) VALUES ('g') [ RunTime:0.0004s ]
SQL: SELECT * FROM `rating_index` WHERE ( username="t" ) LIMIT 1   [ RunTime:0.0004s ]
SQL: INSERT INTO `rating_index` (`username`) VALUES ('t') [ RunTime:0.0002s ]
SQL: SELECT * FROM `rating_index` WHERE ( username="g" ) LIMIT 1   [ RunTime:0.0003s ]
SQL: SELECT * FROM `rating_index` WHERE ( username="t" ) LIMIT 1   [ RunTime:0.0003s ]
SQL: UPDATE `rating_index` SET `games`='1',`win`='0',`lose`='1',`last`='0',`exp`='800' WHERE ( username="g" ) [ RunTime:0.0003s ]
SQL: UPDATE `rating_index` SET `games`='1',`win`='1',`lose`='0',`last`='1',`exp`='805' WHERE ( username="t" ) [ RunTime:0.0003s ]
INFO: [ app_end ] --START--
INFO: Run Behavior\ShowPageTraceBehavior [ RunTime:0.000902s ]
INFO: [ app_end ] --END-- [ RunTime:0.000992s ]

[ 2016-09-09T01:42:49+08:00 ] 127.0.0.1 /index.php
INFO: [ app_init ] --START--
INFO: Run Behavior\BuildLiteBehavior [ RunTime:0.000036s ]
INFO: [ app_init ] --END-- [ RunTime:0.000626s ]
INFO: [ app_begin ] --START--
INFO: Run Behavior\ReadHtmlCacheBehavior [ RunTime:0.000911s ]
INFO: [ app_begin ] --END-- [ RunTime:0.001020s ]
INFO: [ view_parse ] --START--
INFO: [ template_filter ] --START--
INFO: Run Behavior\ContentReplaceBehavior [ RunTime:0.000103s ]
INFO: [ template_filter ] --END-- [ RunTime:0.000205s ]
NOTIC: [8] Undefined variable: web_title E:\WWW\Application\Runtime\Cache\Home\2a94b8bda04ff446dcedd42276fc99ee.php 第 4 行.
INFO: Run Behavior\ParseTemplateBehavior [ RunTime:0.009126s ]
INFO: [ view_parse ] --END-- [ RunTime:0.009225s ]
INFO: [ view_filter ] --START--
INFO: Run Behavior\WriteHtmlCacheBehavior [ RunTime:0.000840s ]
INFO: [ view_filter ] --END-- [ RunTime:0.000943s ]
INFO: [ app_end ] --START--
INFO: Run Behavior\ShowPageTraceBehavior [ RunTime:0.000790s ]
INFO: [ app_end ] --END-- [ RunTime:0.000877s ]

[ 2016-09-09T01:42:51+08:00 ] 127.0.0.1 /index.php
INFO: [ app_init ] --START--
INFO: Run Behavior\BuildLiteBehavior [ RunTime:0.000025s ]
INFO: [ app_init ] --END-- [ RunTime:0.000489s ]
INFO: [ app_begin ] --START--
INFO: Run Behavior\ReadHtmlCacheBehavior [ RunTime:0.000653s ]
INFO: [ app_begin ] --END-- [ RunTime:0.000747s ]
INFO: [ view_parse ] --START--
INFO: [ template_filter ] --START--
INFO: Run Behavior\ContentReplaceBehavior [ RunTime:0.000058s ]
INFO: [ template_filter ] --END-- [ RunTime:0.000156s ]
NOTIC: [8] Undefined variable: web_title E:\WWW\Application\Runtime\Cache\Home\2a94b8bda04ff446dcedd42276fc99ee.php 第 4 行.
INFO: Run Behavior\ParseTemplateBehavior [ RunTime:0.008142s ]
INFO: [ view_parse ] --END-- [ RunTime:0.008239s ]
INFO: [ view_filter ] --START--
INFO: Run Behavior\WriteHtmlCacheBehavior [ RunTime:0.000378s ]
INFO: [ view_filter ] --END-- [ RunTime:0.000451s ]
INFO: [ app_end ] --START--
INFO: Run Behavior\ShowPageTraceBehavior [ RunTime:0.000651s ]
INFO: [ app_end ] --END-- [ RunTime:0.000729s ]

[ 2016-09-09T01:42:58+08:00 ] 127.0.0.1 /index.php?c=query
INFO: [ app_init ] --START--
INFO: Run Behavior\BuildLiteBehavior [ RunTime:0.000024s ]
INFO: [ app_init ] --END-- [ RunTime:0.000561s ]
INFO: [ app_begin ] --START--
INFO: Run Behavior\ReadHtmlCacheBehavior [ RunTime:0.001206s ]
INFO: [ app_begin ] --END-- [ RunTime:0.001372s ]

[ 2016-09-09T01:43:21+08:00 ] 127.0.0.1 /index.php?c=query
INFO: [ app_init ] --START--
INFO: Run Behavior\BuildLiteBehavior [ RunTime:0.000024s ]
INFO: [ app_init ] --END-- [ RunTime:0.000513s ]
INFO: [ app_begin ] --START--
INFO: Run Behavior\ReadHtmlCacheBehavior [ RunTime:0.000659s ]
INFO: [ app_begin ] --END-- [ RunTime:0.000754s ]

[ 2016-09-09T01:43:24+08:00 ] 127.0.0.1 /index.php?c=query
INFO: [ app_init ] --START--
INFO: Run Behavior\BuildLiteBehavior [ RunTime:0.000031s ]
INFO: [ app_init ] --END-- [ RunTime:0.000771s ]
INFO: [ app_begin ] --START--
INFO: Run Behavior\ReadHtmlCacheBehavior [ RunTime:0.000669s ]
INFO: [ app_begin ] --END-- [ RunTime:0.000766s ]

[ 2016-09-09T01:43:47+08:00 ] 127.0.0.1 /index.php?c=query
INFO: [ app_init ] --START--
INFO: Run Behavior\BuildLiteBehavior [ RunTime:0.000023s ]
INFO: [ app_init ] --END-- [ RunTime:0.000507s ]
INFO: [ app_begin ] --START--
INFO: Run Behavior\ReadHtmlCacheBehavior [ RunTime:0.000700s ]
INFO: [ app_begin ] --END-- [ RunTime:0.000800s ]

[ 2016-09-09T01:45:04+08:00 ] 127.0.0.1 /index.php?c=query
INFO: [ app_init ] --START--
INFO: Run Behavior\BuildLiteBehavior [ RunTime:0.000025s ]
INFO: [ app_init ] --END-- [ RunTime:0.000607s ]
INFO: [ app_begin ] --START--
INFO: Run Behavior\ReadHtmlCacheBehavior [ RunTime:0.003337s ]
INFO: [ app_begin ] --END-- [ RunTime:0.003562s ]

[ 2016-09-09T01:45:05+08:00 ] 127.0.0.1 /index.php?c=query
INFO: [ app_init ] --START--
INFO: Run Behavior\BuildLiteBehavior [ RunTime:0.000024s ]
INFO: [ app_init ] --END-- [ RunTime:0.000486s ]
INFO: [ app_begin ] --START--
INFO: Run Behavior\ReadHtmlCacheBehavior [ RunTime:0.000719s ]
INFO: [ app_begin ] --END-- [ RunTime:0.000824s ]

[ 2016-09-09T01:45:06+08:00 ] 127.0.0.1 /index.php?c=query
INFO: [ app_init ] --START--
INFO: Run Behavior\BuildLiteBehavior [ RunTime:0.000028s ]
INFO: [ app_init ] --END-- [ RunTime:0.000675s ]
INFO: [ app_begin ] --START--
INFO: Run Behavior\ReadHtmlCacheBehavior [ RunTime:0.000702s ]
INFO: [ app_begin ] --END-- [ RunTime:0.000819s ]

[ 2016-09-09T01:45:07+08:00 ] 127.0.0.1 /index.php?c=query
INFO: [ app_init ] --START--
INFO: Run Behavior\BuildLiteBehavior [ RunTime:0.000023s ]
INFO: [ app_init ] --END-- [ RunTime:0.000487s ]
INFO: [ app_begin ] --START--
INFO: Run Behavior\ReadHtmlCacheBehavior [ RunTime:0.000932s ]
INFO: [ app_begin ] --END-- [ RunTime:0.001054s ]

[ 2016-09-09T01:45:42+08:00 ] 127.0.0.1 /index.php?c=query
INFO: [ app_init ] --START--
INFO: Run Behavior\BuildLiteBehavior [ RunTime:0.000024s ]
INFO: [ app_init ] --END-- [ RunTime:0.000509s ]
INFO: [ app_begin ] --START--
INFO: Run Behavior\ReadHtmlCacheBehavior [ RunTime:0.000676s ]
INFO: [ app_begin ] --END-- [ RunTime:0.000780s ]
ERR: 无法加载控制器:Query

[ 2016-09-09T01:45:44+08:00 ] 127.0.0.1 /index.php?c=query
INFO: [ app_init ] --START--
INFO: Run Behavior\BuildLiteBehavior [ RunTime:0.000023s ]
INFO: [ app_init ] --END-- [ RunTime:0.000500s ]
INFO: [ app_begin ] --START--
INFO: Run Behavior\ReadHtmlCacheBehavior [ RunTime:0.000703s ]
INFO: [ app_begin ] --END-- [ RunTime:0.000818s ]
ERR: 无法加载控制器:Query

[ 2016-09-09T01:46:06+08:00 ] 127.0.0.1 /index.php?c=query
INFO: [ app_init ] --START--
INFO: Run Behavior\BuildLiteBehavior [ RunTime:0.000025s ]
INFO: [ app_init ] --END-- [ RunTime:0.000590s ]
INFO: [ app_begin ] --START--
INFO: Run Behavior\ReadHtmlCacheBehavior [ RunTime:0.000680s ]
INFO: [ app_begin ] --END-- [ RunTime:0.000788s ]
SQL: SHOW COLUMNS FROM `safe_ak` [ RunTime:0.0064s ]
SQL: SELECT * FROM `safe_ak` WHERE ( ak="W60OAjmsIcTGyFpD3Tyz0apoSpFDGYHw" ) LIMIT 1   [ RunTime:0.0004s ]
SQL: SHOW COLUMNS FROM `rating_index` [ RunTime:0.0064s ]
SQL: SELECT * FROM `rating_index` WHERE ( username="ac" ) LIMIT 1   [ RunTime:0.0007s ]
SQL: SELECT * FROM `rating_index` WHERE ( username="ac" ) LIMIT 1   [ RunTime:0.0005s ]

