[ 2016-09-08T23:31:26+08:00 ] ::1 /?callback=jQuery172014287321479059756_1473348686080&_=1473348686096
INFO: [ app_init ] --START--
INFO: Run Behavior\BuildLiteBehavior [ RunTime:0.000040s ]
INFO: [ app_init ] --END-- [ RunTime:0.001290s ]
INFO: [ app_begin ] --START--
INFO: Run Behavior\ReadHtmlCacheBehavior [ RunTime:0.027977s ]
INFO: [ app_begin ] --END-- [ RunTime:0.028106s ]
SQL: SHOW COLUMNS FROM `rating_index` [ RunTime:0.0767s ]
SQL: SELECT `username` FROM `rating_index` WHERE ( status=0 ) ORDER BY tempinte desc LIMIT 10   [ RunTime:0.0006s ]
NOTIC: [8] Undefined offset: -1 E:\WWW\Application\Home\Controller\IndexController.class.php 第 11 行.
NOTIC: [8] Undefined offset: 2 E:\WWW\Application\Home\Controller\IndexController.class.php 第 11 行.
NOTIC: [8] Undefined offset: 3 E:\WWW\Application\Home\Controller\IndexController.class.php 第 11 行.
NOTIC: [8] Undefined offset: 4 E:\WWW\Application\Home\Controller\IndexController.class.php 第 11 行.
NOTIC: [8] Undefined offset: 5 E:\WWW\Application\Home\Controller\IndexController.class.php 第 11 行.
NOTIC: [8] Undefined offset: 6 E:\WWW\Application\Home\Controller\IndexController.class.php 第 11 行.
NOTIC: [8] Undefined offset: 7 E:\WWW\Application\Home\Controller\IndexController.class.php 第 11 行.
NOTIC: [8] Undefined offset: 8 E:\WWW\Application\Home\Controller\IndexController.class.php 第 11 行.
NOTIC: [8] Undefined offset: 9 E:\WWW\Application\Home\Controller\IndexController.class.php 第 11 行.
SQL: SELECT * FROM `rating_index` WHERE ( username="abc" ) LIMIT 1   [ RunTime:0.0003s ]
SQL: SELECT COUNT(*) AS tp_Count FROM `rating_index` WHERE `tempinte` >= '768' ORDER BY tempinte asc,username asc LIMIT 1   [ RunTime:0.0002s ]
INFO: [ view_parse ] --START--
INFO: [ template_filter ] --START--
INFO: Run Behavior\ContentReplaceBehavior [ RunTime:0.000108s ]
INFO: [ template_filter ] --END-- [ RunTime:0.000263s ]
INFO: Run Behavior\ParseTemplateBehavior [ RunTime:0.153181s ]
INFO: [ view_parse ] --END-- [ RunTime:0.153329s ]
INFO: [ view_filter ] --START--
INFO: Run Behavior\WriteHtmlCacheBehavior [ RunTime:0.017310s ]
INFO: [ view_filter ] --END-- [ RunTime:0.017461s ]
INFO: [ app_end ] --START--
INFO: Run Behavior\ShowPageTraceBehavior [ RunTime:0.010745s ]
INFO: [ app_end ] --END-- [ RunTime:0.010920s ]

