[ 2016-09-05T21:47:13+08:00 ] ::1 /?callback=jQuery172017447994835674763_1473083232024&_=1473083232024
INFO: [ app_init ] --START--
INFO: Run Behavior\BuildLiteBehavior [ RunTime:0.000065s ]
INFO: [ app_init ] --END-- [ RunTime:0.025493s ]
INFO: [ app_begin ] --START--
INFO: Run Behavior\ReadHtmlCacheBehavior [ RunTime:0.064104s ]
INFO: [ app_begin ] --END-- [ RunTime:0.064399s ]
ERR: 1146:Table 'rating.rating_index' doesn't exist
 [ SQL语句 ] : SHOW COLUMNS FROM `rating_index`
ERR: 1146:Table 'rating.rating_index' doesn't exist
 [ SQL语句 ] : SHOW COLUMNS FROM `rating_index`

[ 2016-09-05T22:00:20+08:00 ] 127.0.0.1 /
INFO: [ app_init ] --START--
INFO: Run Behavior\BuildLiteBehavior [ RunTime:0.000023s ]
INFO: [ app_init ] --END-- [ RunTime:0.000483s ]
INFO: [ app_begin ] --START--
INFO: Run Behavior\ReadHtmlCacheBehavior [ RunTime:0.000786s ]
INFO: [ app_begin ] --END-- [ RunTime:0.000884s ]
SQL: SHOW COLUMNS FROM `rating_index` [ RunTime:0.0066s ]
ERR: 1054:Unknown column 'status' in 'where clause'
 [ SQL语句 ] : SELECT `username` FROM `rating_index` WHERE ( status=0 ) ORDER BY tempinte desc LIMIT 10  
ERR: 1054:Unknown column 'status' in 'where clause'
 [ SQL语句 ] : SELECT `username` FROM `rating_index` WHERE ( status=0 ) ORDER BY tempinte desc LIMIT 10  

[ 2016-09-05T22:00:40+08:00 ] 127.0.0.1 /
INFO: [ app_init ] --START--
INFO: Run Behavior\BuildLiteBehavior [ RunTime:0.000024s ]
INFO: [ app_init ] --END-- [ RunTime:0.000510s ]
INFO: [ app_begin ] --START--
INFO: Run Behavior\ReadHtmlCacheBehavior [ RunTime:0.000683s ]
INFO: [ app_begin ] --END-- [ RunTime:0.000775s ]
SQL: SHOW COLUMNS FROM `rating_index` [ RunTime:0.0085s ]
SQL: SELECT `username` FROM `rating_index` WHERE ( status=0 ) ORDER BY tempinte desc LIMIT 10   [ RunTime:0.0004s ]
NOTIC: [8] Undefined offset: -1 E:\WWW\Application\Home\Controller\IndexController.class.php 第 11 行.
NOTIC: [8] Undefined offset: 0 E:\WWW\Application\Home\Controller\IndexController.class.php 第 11 行.
NOTIC: [8] Undefined offset: 1 E:\WWW\Application\Home\Controller\IndexController.class.php 第 11 行.
NOTIC: [8] Undefined offset: 2 E:\WWW\Application\Home\Controller\IndexController.class.php 第 11 行.
NOTIC: [8] Undefined offset: 3 E:\WWW\Application\Home\Controller\IndexController.class.php 第 11 行.
NOTIC: [8] Undefined offset: 4 E:\WWW\Application\Home\Controller\IndexController.class.php 第 11 行.
NOTIC: [8] Undefined offset: 5 E:\WWW\Application\Home\Controller\IndexController.class.php 第 11 行.
NOTIC: [8] Undefined offset: 6 E:\WWW\Application\Home\Controller\IndexController.class.php 第 11 行.
NOTIC: [8] Undefined offset: 7 E:\WWW\Application\Home\Controller\IndexController.class.php 第 11 行.
NOTIC: [8] Undefined offset: 8 E:\WWW\Application\Home\Controller\IndexController.class.php 第 11 行.
NOTIC: [8] Undefined offset: 9 E:\WWW\Application\Home\Controller\IndexController.class.php 第 11 行.
SQL: SELECT * FROM `rating_index` WHERE ( username="bbb" ) LIMIT 1   [ RunTime:0.0004s ]
SQL: SELECT COUNT(*) AS tp_Count FROM `rating_index` WHERE `tempinte` >= null ORDER BY tempinte asc,username asc LIMIT 1   [ RunTime:0.0005s ]
INFO: [ view_parse ] --START--
INFO: [ template_filter ] --START--
INFO: Run Behavior\ContentReplaceBehavior [ RunTime:0.000065s ]
INFO: [ template_filter ] --END-- [ RunTime:0.000163s ]
INFO: Run Behavior\ParseTemplateBehavior [ RunTime:0.071120s ]
INFO: [ view_parse ] --END-- [ RunTime:0.071236s ]
INFO: [ view_filter ] --START--
INFO: Run Behavior\WriteHtmlCacheBehavior [ RunTime:0.011183s ]
INFO: [ view_filter ] --END-- [ RunTime:0.011274s ]
INFO: [ app_end ] --START--
INFO: Run Behavior\ShowPageTraceBehavior [ RunTime:0.001876s ]
INFO: [ app_end ] --END-- [ RunTime:0.001975s ]

[ 2016-09-05T22:00:41+08:00 ] 127.0.0.1 /
INFO: [ app_init ] --START--
INFO: Run Behavior\BuildLiteBehavior [ RunTime:0.000024s ]
INFO: [ app_init ] --END-- [ RunTime:0.000496s ]
INFO: [ app_begin ] --START--
INFO: Run Behavior\ReadHtmlCacheBehavior [ RunTime:0.000640s ]
INFO: [ app_begin ] --END-- [ RunTime:0.000731s ]
SQL: SHOW COLUMNS FROM `rating_index` [ RunTime:0.0075s ]
SQL: SELECT `username` FROM `rating_index` WHERE ( status=0 ) ORDER BY tempinte desc LIMIT 10   [ RunTime:0.0005s ]
NOTIC: [8] Undefined offset: -1 E:\WWW\Application\Home\Controller\IndexController.class.php 第 11 行.
NOTIC: [8] Undefined offset: 0 E:\WWW\Application\Home\Controller\IndexController.class.php 第 11 行.
NOTIC: [8] Undefined offset: 1 E:\WWW\Application\Home\Controller\IndexController.class.php 第 11 行.
NOTIC: [8] Undefined offset: 2 E:\WWW\Application\Home\Controller\IndexController.class.php 第 11 行.
NOTIC: [8] Undefined offset: 3 E:\WWW\Application\Home\Controller\IndexController.class.php 第 11 行.
NOTIC: [8] Undefined offset: 4 E:\WWW\Application\Home\Controller\IndexController.class.php 第 11 行.
NOTIC: [8] Undefined offset: 5 E:\WWW\Application\Home\Controller\IndexController.class.php 第 11 行.
NOTIC: [8] Undefined offset: 6 E:\WWW\Application\Home\Controller\IndexController.class.php 第 11 行.
NOTIC: [8] Undefined offset: 7 E:\WWW\Application\Home\Controller\IndexController.class.php 第 11 行.
NOTIC: [8] Undefined offset: 8 E:\WWW\Application\Home\Controller\IndexController.class.php 第 11 行.
NOTIC: [8] Undefined offset: 9 E:\WWW\Application\Home\Controller\IndexController.class.php 第 11 行.
SQL: SELECT * FROM `rating_index` WHERE ( username="bbb" ) LIMIT 1   [ RunTime:0.0003s ]
SQL: SELECT COUNT(*) AS tp_Count FROM `rating_index` WHERE `tempinte` >= null ORDER BY tempinte asc,username asc LIMIT 1   [ RunTime:0.0002s ]
INFO: [ view_parse ] --START--
INFO: [ template_filter ] --START--
INFO: Run Behavior\ContentReplaceBehavior [ RunTime:0.000065s ]
INFO: [ template_filter ] --END-- [ RunTime:0.000167s ]
INFO: Run Behavior\ParseTemplateBehavior [ RunTime:0.008958s ]
INFO: [ view_parse ] --END-- [ RunTime:0.009062s ]
INFO: [ view_filter ] --START--
INFO: Run Behavior\WriteHtmlCacheBehavior [ RunTime:0.000362s ]
INFO: [ view_filter ] --END-- [ RunTime:0.000434s ]
INFO: [ app_end ] --START--
INFO: Run Behavior\ShowPageTraceBehavior [ RunTime:0.000667s ]
INFO: [ app_end ] --END-- [ RunTime:0.000747s ]

[ 2016-09-05T22:02:38+08:00 ] 127.0.0.1 /
INFO: [ app_init ] --START--
INFO: Run Behavior\BuildLiteBehavior [ RunTime:0.000028s ]
INFO: [ app_init ] --END-- [ RunTime:0.000577s ]
INFO: [ app_begin ] --START--
INFO: Run Behavior\ReadHtmlCacheBehavior [ RunTime:0.000800s ]
INFO: [ app_begin ] --END-- [ RunTime:0.000905s ]
SQL: SHOW COLUMNS FROM `rating_index` [ RunTime:0.0063s ]
SQL: SELECT `username` FROM `rating_index` WHERE ( status=0 ) ORDER BY tempinte desc LIMIT 10   [ RunTime:0.0005s ]
NOTIC: [8] Undefined offset: -1 E:\WWW\Application\Home\Controller\IndexController.class.php 第 11 行.
NOTIC: [8] Undefined offset: 0 E:\WWW\Application\Home\Controller\IndexController.class.php 第 11 行.
NOTIC: [8] Undefined offset: 1 E:\WWW\Application\Home\Controller\IndexController.class.php 第 11 行.
NOTIC: [8] Undefined offset: 2 E:\WWW\Application\Home\Controller\IndexController.class.php 第 11 行.
NOTIC: [8] Undefined offset: 3 E:\WWW\Application\Home\Controller\IndexController.class.php 第 11 行.
NOTIC: [8] Undefined offset: 4 E:\WWW\Application\Home\Controller\IndexController.class.php 第 11 行.
NOTIC: [8] Undefined offset: 5 E:\WWW\Application\Home\Controller\IndexController.class.php 第 11 行.
NOTIC: [8] Undefined offset: 6 E:\WWW\Application\Home\Controller\IndexController.class.php 第 11 行.
NOTIC: [8] Undefined offset: 7 E:\WWW\Application\Home\Controller\IndexController.class.php 第 11 行.
NOTIC: [8] Undefined offset: 8 E:\WWW\Application\Home\Controller\IndexController.class.php 第 11 行.
NOTIC: [8] Undefined offset: 9 E:\WWW\Application\Home\Controller\IndexController.class.php 第 11 行.
SQL: SELECT * FROM `rating_index` WHERE ( username="bbb" ) LIMIT 1   [ RunTime:0.0003s ]
SQL: SELECT COUNT(*) AS tp_Count FROM `rating_index` WHERE `tempinte` >= null ORDER BY tempinte asc,username asc LIMIT 1   [ RunTime:0.0002s ]
INFO: [ view_parse ] --START--
INFO: [ template_filter ] --START--
INFO: Run Behavior\ContentReplaceBehavior [ RunTime:0.000070s ]
INFO: [ template_filter ] --END-- [ RunTime:0.000172s ]
INFO: Run Behavior\ParseTemplateBehavior [ RunTime:0.010444s ]
INFO: [ view_parse ] --END-- [ RunTime:0.010566s ]
INFO: [ view_filter ] --START--
INFO: Run Behavior\WriteHtmlCacheBehavior [ RunTime:0.000503s ]
INFO: [ view_filter ] --END-- [ RunTime:0.000577s ]
INFO: [ app_end ] --START--
INFO: Run Behavior\ShowPageTraceBehavior [ RunTime:0.000788s ]
INFO: [ app_end ] --END-- [ RunTime:0.000867s ]

[ 2016-09-05T22:02:39+08:00 ] 127.0.0.1 /
INFO: [ app_init ] --START--
INFO: Run Behavior\BuildLiteBehavior [ RunTime:0.000024s ]
INFO: [ app_init ] --END-- [ RunTime:0.000503s ]
INFO: [ app_begin ] --START--
INFO: Run Behavior\ReadHtmlCacheBehavior [ RunTime:0.000748s ]
INFO: [ app_begin ] --END-- [ RunTime:0.000872s ]
SQL: SHOW COLUMNS FROM `rating_index` [ RunTime:0.0061s ]
SQL: SELECT `username` FROM `rating_index` WHERE ( status=0 ) ORDER BY tempinte desc LIMIT 10   [ RunTime:0.0005s ]
NOTIC: [8] Undefined offset: -1 E:\WWW\Application\Home\Controller\IndexController.class.php 第 11 行.
NOTIC: [8] Undefined offset: 0 E:\WWW\Application\Home\Controller\IndexController.class.php 第 11 行.
NOTIC: [8] Undefined offset: 1 E:\WWW\Application\Home\Controller\IndexController.class.php 第 11 行.
NOTIC: [8] Undefined offset: 2 E:\WWW\Application\Home\Controller\IndexController.class.php 第 11 行.
NOTIC: [8] Undefined offset: 3 E:\WWW\Application\Home\Controller\IndexController.class.php 第 11 行.
NOTIC: [8] Undefined offset: 4 E:\WWW\Application\Home\Controller\IndexController.class.php 第 11 行.
NOTIC: [8] Undefined offset: 5 E:\WWW\Application\Home\Controller\IndexController.class.php 第 11 行.
NOTIC: [8] Undefined offset: 6 E:\WWW\Application\Home\Controller\IndexController.class.php 第 11 行.
NOTIC: [8] Undefined offset: 7 E:\WWW\Application\Home\Controller\IndexController.class.php 第 11 行.
NOTIC: [8] Undefined offset: 8 E:\WWW\Application\Home\Controller\IndexController.class.php 第 11 行.
NOTIC: [8] Undefined offset: 9 E:\WWW\Application\Home\Controller\IndexController.class.php 第 11 行.
SQL: SELECT * FROM `rating_index` WHERE ( username="bbb" ) LIMIT 1   [ RunTime:0.0004s ]
SQL: SELECT COUNT(*) AS tp_Count FROM `rating_index` WHERE `tempinte` >= null ORDER BY tempinte asc,username asc LIMIT 1   [ RunTime:0.0003s ]
INFO: [ view_parse ] --START--
INFO: [ template_filter ] --START--
INFO: Run Behavior\ContentReplaceBehavior [ RunTime:0.000066s ]
INFO: [ template_filter ] --END-- [ RunTime:0.000173s ]
INFO: Run Behavior\ParseTemplateBehavior [ RunTime:0.009163s ]
INFO: [ view_parse ] --END-- [ RunTime:0.009298s ]
INFO: [ view_filter ] --START--
INFO: Run Behavior\WriteHtmlCacheBehavior [ RunTime:0.000371s ]
INFO: [ view_filter ] --END-- [ RunTime:0.000447s ]
INFO: [ app_end ] --START--
INFO: Run Behavior\ShowPageTraceBehavior [ RunTime:0.000665s ]
INFO: [ app_end ] --END-- [ RunTime:0.000742s ]

[ 2016-09-05T22:22:51+08:00 ] 127.0.0.1 /
INFO: [ app_init ] --START--
INFO: Run Behavior\BuildLiteBehavior [ RunTime:0.000026s ]
INFO: [ app_init ] --END-- [ RunTime:0.000588s ]
INFO: [ app_begin ] --START--
INFO: Run Behavior\ReadHtmlCacheBehavior [ RunTime:0.000862s ]
INFO: [ app_begin ] --END-- [ RunTime:0.000972s ]
SQL: SHOW COLUMNS FROM `rating_index` [ RunTime:0.0079s ]
SQL: SELECT `username` FROM `rating_index` WHERE ( status=0 ) ORDER BY tempinte desc LIMIT 10   [ RunTime:0.0004s ]
NOTIC: [8] Undefined offset: -1 E:\WWW\Application\Home\Controller\IndexController.class.php 第 11 行.
NOTIC: [8] Undefined offset: 0 E:\WWW\Application\Home\Controller\IndexController.class.php 第 11 行.
NOTIC: [8] Undefined offset: 1 E:\WWW\Application\Home\Controller\IndexController.class.php 第 11 行.
NOTIC: [8] Undefined offset: 2 E:\WWW\Application\Home\Controller\IndexController.class.php 第 11 行.
NOTIC: [8] Undefined offset: 3 E:\WWW\Application\Home\Controller\IndexController.class.php 第 11 行.
NOTIC: [8] Undefined offset: 4 E:\WWW\Application\Home\Controller\IndexController.class.php 第 11 行.
NOTIC: [8] Undefined offset: 5 E:\WWW\Application\Home\Controller\IndexController.class.php 第 11 行.
NOTIC: [8] Undefined offset: 6 E:\WWW\Application\Home\Controller\IndexController.class.php 第 11 行.
NOTIC: [8] Undefined offset: 7 E:\WWW\Application\Home\Controller\IndexController.class.php 第 11 行.
NOTIC: [8] Undefined offset: 8 E:\WWW\Application\Home\Controller\IndexController.class.php 第 11 行.
NOTIC: [8] Undefined offset: 9 E:\WWW\Application\Home\Controller\IndexController.class.php 第 11 行.
SQL: SELECT * FROM `rating_index` WHERE ( username="bbb" ) LIMIT 1   [ RunTime:0.0003s ]
SQL: SELECT COUNT(*) AS tp_Count FROM `rating_index` WHERE `tempinte` >= null ORDER BY tempinte asc,username asc LIMIT 1   [ RunTime:0.0002s ]
INFO: [ view_parse ] --START--
INFO: [ template_filter ] --START--
INFO: Run Behavior\ContentReplaceBehavior [ RunTime:0.000068s ]
INFO: [ template_filter ] --END-- [ RunTime:0.000168s ]
INFO: Run Behavior\ParseTemplateBehavior [ RunTime:0.010435s ]
INFO: [ view_parse ] --END-- [ RunTime:0.010543s ]
INFO: [ view_filter ] --START--
INFO: Run Behavior\WriteHtmlCacheBehavior [ RunTime:0.000494s ]
INFO: [ view_filter ] --END-- [ RunTime:0.000572s ]
INFO: [ app_end ] --START--
INFO: Run Behavior\ShowPageTraceBehavior [ RunTime:0.000770s ]
INFO: [ app_end ] --END-- [ RunTime:0.000853s ]

[ 2016-09-05T22:23:08+08:00 ] 127.0.0.1 /index.php?c=clearing
INFO: [ app_init ] --START--
INFO: Run Behavior\BuildLiteBehavior [ RunTime:0.000024s ]
INFO: [ app_init ] --END-- [ RunTime:0.000552s ]
INFO: [ app_begin ] --START--
INFO: Run Behavior\ReadHtmlCacheBehavior [ RunTime:0.000783s ]
INFO: [ app_begin ] --END-- [ RunTime:0.000882s ]
ERR: 1146:Table 'rating.safe_ak' doesn't exist
 [ SQL语句 ] : SHOW COLUMNS FROM `safe_ak`
ERR: 1146:Table 'rating.safe_ak' doesn't exist
 [ SQL语句 ] : SHOW COLUMNS FROM `safe_ak`

[ 2016-09-05T22:25:56+08:00 ] 127.0.0.1 /
INFO: [ app_init ] --START--
INFO: Run Behavior\BuildLiteBehavior [ RunTime:0.000024s ]
INFO: [ app_init ] --END-- [ RunTime:0.000539s ]
INFO: [ app_begin ] --START--
INFO: Run Behavior\ReadHtmlCacheBehavior [ RunTime:0.001457s ]
INFO: [ app_begin ] --END-- [ RunTime:0.001592s ]
SQL: SHOW COLUMNS FROM `rating_index` [ RunTime:0.0088s ]
SQL: SELECT `username` FROM `rating_index` WHERE ( status=0 ) ORDER BY tempinte desc LIMIT 10   [ RunTime:0.0007s ]
NOTIC: [8] Undefined offset: -1 E:\WWW\Application\Home\Controller\IndexController.class.php 第 11 行.
NOTIC: [8] Undefined offset: 0 E:\WWW\Application\Home\Controller\IndexController.class.php 第 11 行.
NOTIC: [8] Undefined offset: 1 E:\WWW\Application\Home\Controller\IndexController.class.php 第 11 行.
NOTIC: [8] Undefined offset: 2 E:\WWW\Application\Home\Controller\IndexController.class.php 第 11 行.
NOTIC: [8] Undefined offset: 3 E:\WWW\Application\Home\Controller\IndexController.class.php 第 11 行.
NOTIC: [8] Undefined offset: 4 E:\WWW\Application\Home\Controller\IndexController.class.php 第 11 行.
NOTIC: [8] Undefined offset: 5 E:\WWW\Application\Home\Controller\IndexController.class.php 第 11 行.
NOTIC: [8] Undefined offset: 6 E:\WWW\Application\Home\Controller\IndexController.class.php 第 11 行.
NOTIC: [8] Undefined offset: 7 E:\WWW\Application\Home\Controller\IndexController.class.php 第 11 行.
NOTIC: [8] Undefined offset: 8 E:\WWW\Application\Home\Controller\IndexController.class.php 第 11 行.
NOTIC: [8] Undefined offset: 9 E:\WWW\Application\Home\Controller\IndexController.class.php 第 11 行.
SQL: SELECT * FROM `rating_index` WHERE ( username="bbb" ) LIMIT 1   [ RunTime:0.0005s ]
SQL: SELECT COUNT(*) AS tp_Count FROM `rating_index` WHERE `tempinte` >= null ORDER BY tempinte asc,username asc LIMIT 1   [ RunTime:0.0002s ]
INFO: [ view_parse ] --START--
INFO: [ template_filter ] --START--
INFO: Run Behavior\ContentReplaceBehavior [ RunTime:0.000067s ]
INFO: [ template_filter ] --END-- [ RunTime:0.000166s ]
INFO: Run Behavior\ParseTemplateBehavior [ RunTime:0.010108s ]
INFO: [ view_parse ] --END-- [ RunTime:0.010217s ]
INFO: [ view_filter ] --START--
INFO: Run Behavior\WriteHtmlCacheBehavior [ RunTime:0.000474s ]
INFO: [ view_filter ] --END-- [ RunTime:0.000548s ]
INFO: [ app_end ] --START--
INFO: Run Behavior\ShowPageTraceBehavior [ RunTime:0.000900s ]
INFO: [ app_end ] --END-- [ RunTime:0.001011s ]

[ 2016-09-05T22:25:57+08:00 ] 127.0.0.1 /
INFO: [ app_init ] --START--
INFO: Run Behavior\BuildLiteBehavior [ RunTime:0.000023s ]
INFO: [ app_init ] --END-- [ RunTime:0.000501s ]
INFO: [ app_begin ] --START--
INFO: Run Behavior\ReadHtmlCacheBehavior [ RunTime:0.000837s ]
INFO: [ app_begin ] --END-- [ RunTime:0.000953s ]
SQL: SHOW COLUMNS FROM `rating_index` [ RunTime:0.0070s ]
SQL: SELECT `username` FROM `rating_index` WHERE ( status=0 ) ORDER BY tempinte desc LIMIT 10   [ RunTime:0.0006s ]
NOTIC: [8] Undefined offset: -1 E:\WWW\Application\Home\Controller\IndexController.class.php 第 11 行.
NOTIC: [8] Undefined offset: 0 E:\WWW\Application\Home\Controller\IndexController.class.php 第 11 行.
NOTIC: [8] Undefined offset: 1 E:\WWW\Application\Home\Controller\IndexController.class.php 第 11 行.
NOTIC: [8] Undefined offset: 2 E:\WWW\Application\Home\Controller\IndexController.class.php 第 11 行.
NOTIC: [8] Undefined offset: 3 E:\WWW\Application\Home\Controller\IndexController.class.php 第 11 行.
NOTIC: [8] Undefined offset: 4 E:\WWW\Application\Home\Controller\IndexController.class.php 第 11 行.
NOTIC: [8] Undefined offset: 5 E:\WWW\Application\Home\Controller\IndexController.class.php 第 11 行.
NOTIC: [8] Undefined offset: 6 E:\WWW\Application\Home\Controller\IndexController.class.php 第 11 行.
NOTIC: [8] Undefined offset: 7 E:\WWW\Application\Home\Controller\IndexController.class.php 第 11 行.
NOTIC: [8] Undefined offset: 8 E:\WWW\Application\Home\Controller\IndexController.class.php 第 11 行.
NOTIC: [8] Undefined offset: 9 E:\WWW\Application\Home\Controller\IndexController.class.php 第 11 行.
SQL: SELECT * FROM `rating_index` WHERE ( username="bbb" ) LIMIT 1   [ RunTime:0.0004s ]
SQL: SELECT COUNT(*) AS tp_Count FROM `rating_index` WHERE `tempinte` >= null ORDER BY tempinte asc,username asc LIMIT 1   [ RunTime:0.0004s ]
INFO: [ view_parse ] --START--
INFO: [ template_filter ] --START--
INFO: Run Behavior\ContentReplaceBehavior [ RunTime:0.000066s ]
INFO: [ template_filter ] --END-- [ RunTime:0.000168s ]
INFO: Run Behavior\ParseTemplateBehavior [ RunTime:0.010274s ]
INFO: [ view_parse ] --END-- [ RunTime:0.010378s ]
INFO: [ view_filter ] --START--
INFO: Run Behavior\WriteHtmlCacheBehavior [ RunTime:0.000385s ]
INFO: [ view_filter ] --END-- [ RunTime:0.000458s ]
INFO: [ app_end ] --START--
INFO: Run Behavior\ShowPageTraceBehavior [ RunTime:0.000675s ]
INFO: [ app_end ] --END-- [ RunTime:0.000754s ]

[ 2016-09-05T22:25:57+08:00 ] 127.0.0.1 /
INFO: [ app_init ] --START--
INFO: Run Behavior\BuildLiteBehavior [ RunTime:0.000023s ]
INFO: [ app_init ] --END-- [ RunTime:0.000489s ]
INFO: [ app_begin ] --START--
INFO: Run Behavior\ReadHtmlCacheBehavior [ RunTime:0.000664s ]
INFO: [ app_begin ] --END-- [ RunTime:0.000759s ]
SQL: SHOW COLUMNS FROM `rating_index` [ RunTime:0.0072s ]
SQL: SELECT `username` FROM `rating_index` WHERE ( status=0 ) ORDER BY tempinte desc LIMIT 10   [ RunTime:0.0006s ]
NOTIC: [8] Undefined offset: -1 E:\WWW\Application\Home\Controller\IndexController.class.php 第 11 行.
NOTIC: [8] Undefined offset: 0 E:\WWW\Application\Home\Controller\IndexController.class.php 第 11 行.
NOTIC: [8] Undefined offset: 1 E:\WWW\Application\Home\Controller\IndexController.class.php 第 11 行.
NOTIC: [8] Undefined offset: 2 E:\WWW\Application\Home\Controller\IndexController.class.php 第 11 行.
NOTIC: [8] Undefined offset: 3 E:\WWW\Application\Home\Controller\IndexController.class.php 第 11 行.
NOTIC: [8] Undefined offset: 4 E:\WWW\Application\Home\Controller\IndexController.class.php 第 11 行.
NOTIC: [8] Undefined offset: 5 E:\WWW\Application\Home\Controller\IndexController.class.php 第 11 行.
NOTIC: [8] Undefined offset: 6 E:\WWW\Application\Home\Controller\IndexController.class.php 第 11 行.
NOTIC: [8] Undefined offset: 7 E:\WWW\Application\Home\Controller\IndexController.class.php 第 11 行.
NOTIC: [8] Undefined offset: 8 E:\WWW\Application\Home\Controller\IndexController.class.php 第 11 行.
NOTIC: [8] Undefined offset: 9 E:\WWW\Application\Home\Controller\IndexController.class.php 第 11 行.
SQL: SELECT * FROM `rating_index` WHERE ( username="bbb" ) LIMIT 1   [ RunTime:0.0005s ]
SQL: SELECT COUNT(*) AS tp_Count FROM `rating_index` WHERE `tempinte` >= null ORDER BY tempinte asc,username asc LIMIT 1   [ RunTime:0.0003s ]
INFO: [ view_parse ] --START--
INFO: [ template_filter ] --START--
INFO: Run Behavior\ContentReplaceBehavior [ RunTime:0.000065s ]
INFO: [ template_filter ] --END-- [ RunTime:0.000163s ]
INFO: Run Behavior\ParseTemplateBehavior [ RunTime:0.009494s ]
INFO: [ view_parse ] --END-- [ RunTime:0.009598s ]
INFO: [ view_filter ] --START--
INFO: Run Behavior\WriteHtmlCacheBehavior [ RunTime:0.000363s ]
INFO: [ view_filter ] --END-- [ RunTime:0.000433s ]
INFO: [ app_end ] --START--
INFO: Run Behavior\ShowPageTraceBehavior [ RunTime:0.000645s ]
INFO: [ app_end ] --END-- [ RunTime:0.000721s ]

[ 2016-09-05T22:25:57+08:00 ] 127.0.0.1 /
INFO: [ app_init ] --START--
INFO: Run Behavior\BuildLiteBehavior [ RunTime:0.000028s ]
INFO: [ app_init ] --END-- [ RunTime:0.000518s ]
INFO: [ app_begin ] --START--
INFO: Run Behavior\ReadHtmlCacheBehavior [ RunTime:0.000707s ]
INFO: [ app_begin ] --END-- [ RunTime:0.000803s ]
SQL: SHOW COLUMNS FROM `rating_index` [ RunTime:0.0075s ]
SQL: SELECT `username` FROM `rating_index` WHERE ( status=0 ) ORDER BY tempinte desc LIMIT 10   [ RunTime:0.0005s ]
NOTIC: [8] Undefined offset: -1 E:\WWW\Application\Home\Controller\IndexController.class.php 第 11 行.
NOTIC: [8] Undefined offset: 0 E:\WWW\Application\Home\Controller\IndexController.class.php 第 11 行.
NOTIC: [8] Undefined offset: 1 E:\WWW\Application\Home\Controller\IndexController.class.php 第 11 行.
NOTIC: [8] Undefined offset: 2 E:\WWW\Application\Home\Controller\IndexController.class.php 第 11 行.
NOTIC: [8] Undefined offset: 3 E:\WWW\Application\Home\Controller\IndexController.class.php 第 11 行.
NOTIC: [8] Undefined offset: 4 E:\WWW\Application\Home\Controller\IndexController.class.php 第 11 行.
NOTIC: [8] Undefined offset: 5 E:\WWW\Application\Home\Controller\IndexController.class.php 第 11 行.
NOTIC: [8] Undefined offset: 6 E:\WWW\Application\Home\Controller\IndexController.class.php 第 11 行.
NOTIC: [8] Undefined offset: 7 E:\WWW\Application\Home\Controller\IndexController.class.php 第 11 行.
NOTIC: [8] Undefined offset: 8 E:\WWW\Application\Home\Controller\IndexController.class.php 第 11 行.
NOTIC: [8] Undefined offset: 9 E:\WWW\Application\Home\Controller\IndexController.class.php 第 11 行.
SQL: SELECT * FROM `rating_index` WHERE ( username="bbb" ) LIMIT 1   [ RunTime:0.0007s ]
SQL: SELECT COUNT(*) AS tp_Count FROM `rating_index` WHERE `tempinte` >= null ORDER BY tempinte asc,username asc LIMIT 1   [ RunTime:0.0010s ]
INFO: [ view_parse ] --START--
INFO: [ template_filter ] --START--
INFO: Run Behavior\ContentReplaceBehavior [ RunTime:0.000073s ]
INFO: [ template_filter ] --END-- [ RunTime:0.000189s ]
INFO: Run Behavior\ParseTemplateBehavior [ RunTime:0.011321s ]
INFO: [ view_parse ] --END-- [ RunTime:0.011459s ]
INFO: [ view_filter ] --START--
INFO: Run Behavior\WriteHtmlCacheBehavior [ RunTime:0.000449s ]
INFO: [ view_filter ] --END-- [ RunTime:0.000525s ]
INFO: [ app_end ] --START--
INFO: Run Behavior\ShowPageTraceBehavior [ RunTime:0.000702s ]
INFO: [ app_end ] --END-- [ RunTime:0.000783s ]

[ 2016-09-05T22:26:01+08:00 ] 127.0.0.1 /index.php?c=clearing
INFO: [ app_init ] --START--
INFO: Run Behavior\BuildLiteBehavior [ RunTime:0.000023s ]
INFO: [ app_init ] --END-- [ RunTime:0.000486s ]
INFO: [ app_begin ] --START--
INFO: Run Behavior\ReadHtmlCacheBehavior [ RunTime:0.000716s ]
INFO: [ app_begin ] --END-- [ RunTime:0.000824s ]
SQL: SHOW COLUMNS FROM `safe_ak` [ RunTime:0.0064s ]
SQL: SELECT * FROM `safe_ak` WHERE ( ak="W60OAjmsIcTGyFpD3Tyz0apoSpFDGYHw" ) LIMIT 1   [ RunTime:0.0007s ]
SQL: SHOW COLUMNS FROM `rating_index` [ RunTime:0.0162s ]
SQL: SELECT * FROM `rating_index` WHERE ( username="abc" ) LIMIT 1   [ RunTime:0.0008s ]
SQL: SELECT * FROM `rating_index` WHERE ( username="cba" ) LIMIT 1   [ RunTime:0.0005s ]
SQL: UPDATE `rating_index` SET `integral`='-31',`tempinte`='-31',`games`='1',`tempgames`='1',`win`=NULL,`tempwin`=NULL,`lose`='1',`templose`='1',`last`='0' WHERE ( username="abc" ) [ RunTime:0.0003s ]
SQL: UPDATE `rating_index` SET `integral`='31',`tempinte`='31',`games`='1',`tempgames`='1',`win`='1',`tempwin`='1',`lose`=NULL,`templose`=NULL,`last`='1' WHERE ( username="cba" ) [ RunTime:0.0005s ]

[ 2016-09-05T22:36:41+08:00 ] 127.0.0.1 /index.php?c=clearing
INFO: [ app_init ] --START--
INFO: Run Behavior\BuildLiteBehavior [ RunTime:0.000023s ]
INFO: [ app_init ] --END-- [ RunTime:0.000551s ]

[ 2016-09-05T22:37:31+08:00 ] 127.0.0.1 /index.php?c=clearing
INFO: [ app_init ] --START--
INFO: Run Behavior\BuildLiteBehavior [ RunTime:0.000023s ]
INFO: [ app_init ] --END-- [ RunTime:0.000478s ]
INFO: [ app_begin ] --START--
INFO: Run Behavior\ReadHtmlCacheBehavior [ RunTime:0.000807s ]
INFO: [ app_begin ] --END-- [ RunTime:0.000905s ]
SQL: SHOW COLUMNS FROM `safe_ak` [ RunTime:0.0119s ]
SQL: SELECT * FROM `safe_ak` WHERE ( ak="W60OAjmsIcTGyFpD3Tyz0apoSpFDGYHw" ) LIMIT 1   [ RunTime:0.0006s ]
SQL: SHOW COLUMNS FROM `rating_index` [ RunTime:0.0246s ]
SQL: SELECT * FROM `rating_index` WHERE ( username="abc" ) LIMIT 1   [ RunTime:0.0005s ]
SQL: INSERT INTO `rating_index` (`username`) VALUES ('abc') [ RunTime:0.0004s ]
SQL: SELECT * FROM `rating_index` WHERE ( username="cba" ) LIMIT 1   [ RunTime:0.0004s ]
SQL: INSERT INTO `rating_index` (`username`) VALUES ('cba') [ RunTime:0.0006s ]
SQL: SELECT * FROM `rating_index` WHERE ( username="abc" ) LIMIT 1   [ RunTime:0.0005s ]
SQL: SELECT * FROM `rating_index` WHERE ( username="cba" ) LIMIT 1   [ RunTime:0.0005s ]
SQL: UPDATE `rating_index` SET `integral`='768',`tempinte`='768',`games`='1',`tempgames`='1',`win`='0',`tempwin`='0',`lose`='1',`templose`='1',`last`='0' WHERE ( username="abc" ) [ RunTime:0.0012s ]
SQL: UPDATE `rating_index` SET `integral`='831',`tempinte`='831',`games`='1',`tempgames`='1',`win`='1',`tempwin`='1',`lose`='0',`templose`='0',`last`='1' WHERE ( username="cba" ) [ RunTime:0.0009s ]

[ 2016-09-05T22:40:23+08:00 ] 127.0.0.1 /index.php
INFO: [ app_init ] --START--
INFO: Run Behavior\BuildLiteBehavior [ RunTime:0.000027s ]
INFO: [ app_init ] --END-- [ RunTime:0.000785s ]
INFO: [ app_begin ] --START--
INFO: Run Behavior\ReadHtmlCacheBehavior [ RunTime:0.000991s ]
INFO: [ app_begin ] --END-- [ RunTime:0.001129s ]
SQL: SHOW COLUMNS FROM `rating_index` [ RunTime:0.0065s ]
SQL: SELECT `username` FROM `rating_index` WHERE ( status=0 ) ORDER BY tempinte desc LIMIT 10   [ RunTime:0.0005s ]
NOTIC: [8] Undefined offset: -1 E:\WWW\Application\Home\Controller\IndexController.class.php 第 11 行.
NOTIC: [8] Undefined offset: 2 E:\WWW\Application\Home\Controller\IndexController.class.php 第 11 行.
NOTIC: [8] Undefined offset: 3 E:\WWW\Application\Home\Controller\IndexController.class.php 第 11 行.
NOTIC: [8] Undefined offset: 4 E:\WWW\Application\Home\Controller\IndexController.class.php 第 11 行.
NOTIC: [8] Undefined offset: 5 E:\WWW\Application\Home\Controller\IndexController.class.php 第 11 行.
NOTIC: [8] Undefined offset: 6 E:\WWW\Application\Home\Controller\IndexController.class.php 第 11 行.
NOTIC: [8] Undefined offset: 7 E:\WWW\Application\Home\Controller\IndexController.class.php 第 11 行.
NOTIC: [8] Undefined offset: 8 E:\WWW\Application\Home\Controller\IndexController.class.php 第 11 行.
NOTIC: [8] Undefined offset: 9 E:\WWW\Application\Home\Controller\IndexController.class.php 第 11 行.
SQL: SELECT * FROM `rating_index` WHERE ( username="bbb" ) LIMIT 1   [ RunTime:0.0003s ]
SQL: SELECT COUNT(*) AS tp_Count FROM `rating_index` WHERE `tempinte` >= null ORDER BY tempinte asc,username asc LIMIT 1   [ RunTime:0.0003s ]
INFO: [ view_parse ] --START--
INFO: [ template_filter ] --START--
INFO: Run Behavior\ContentReplaceBehavior [ RunTime:0.000067s ]
INFO: [ template_filter ] --END-- [ RunTime:0.000165s ]
INFO: Run Behavior\ParseTemplateBehavior [ RunTime:0.009909s ]
INFO: [ view_parse ] --END-- [ RunTime:0.010020s ]
INFO: [ view_filter ] --START--
INFO: Run Behavior\WriteHtmlCacheBehavior [ RunTime:0.000856s ]
INFO: [ view_filter ] --END-- [ RunTime:0.000961s ]
INFO: [ app_end ] --START--
INFO: Run Behavior\ShowPageTraceBehavior [ RunTime:0.000807s ]
INFO: [ app_end ] --END-- [ RunTime:0.000890s ]

[ 2016-09-05T22:40:34+08:00 ] 127.0.0.1 /index.php
INFO: [ app_init ] --START--
INFO: Run Behavior\BuildLiteBehavior [ RunTime:0.000024s ]
INFO: [ app_init ] --END-- [ RunTime:0.000653s ]
INFO: [ app_begin ] --START--
INFO: Run Behavior\ReadHtmlCacheBehavior [ RunTime:0.000828s ]
INFO: [ app_begin ] --END-- [ RunTime:0.000930s ]
SQL: SHOW COLUMNS FROM `rating_index` [ RunTime:0.0063s ]
SQL: SELECT `username` FROM `rating_index` WHERE ( status=0 ) ORDER BY tempinte desc LIMIT 10   [ RunTime:0.0006s ]
NOTIC: [8] Undefined offset: -1 E:\WWW\Application\Home\Controller\IndexController.class.php 第 11 行.
NOTIC: [8] Undefined offset: 2 E:\WWW\Application\Home\Controller\IndexController.class.php 第 11 行.
NOTIC: [8] Undefined offset: 3 E:\WWW\Application\Home\Controller\IndexController.class.php 第 11 行.
NOTIC: [8] Undefined offset: 4 E:\WWW\Application\Home\Controller\IndexController.class.php 第 11 行.
NOTIC: [8] Undefined offset: 5 E:\WWW\Application\Home\Controller\IndexController.class.php 第 11 行.
NOTIC: [8] Undefined offset: 6 E:\WWW\Application\Home\Controller\IndexController.class.php 第 11 行.
NOTIC: [8] Undefined offset: 7 E:\WWW\Application\Home\Controller\IndexController.class.php 第 11 行.
NOTIC: [8] Undefined offset: 8 E:\WWW\Application\Home\Controller\IndexController.class.php 第 11 行.
NOTIC: [8] Undefined offset: 9 E:\WWW\Application\Home\Controller\IndexController.class.php 第 11 行.
SQL: SELECT * FROM `rating_index` WHERE ( username="abc" ) LIMIT 1   [ RunTime:0.0003s ]
NOTIC: [8] Undefined index: level E:\WWW\Application\Home\Controller\IndexController.class.php 第 17 行.
SQL: SELECT COUNT(*) AS tp_Count FROM `rating_index` WHERE `tempinte` >= '768' ORDER BY tempinte asc,username asc LIMIT 1   [ RunTime:0.0006s ]
INFO: [ view_parse ] --START--
INFO: [ template_filter ] --START--
INFO: Run Behavior\ContentReplaceBehavior [ RunTime:0.000066s ]
INFO: [ template_filter ] --END-- [ RunTime:0.000166s ]
INFO: Run Behavior\ParseTemplateBehavior [ RunTime:0.009907s ]
INFO: [ view_parse ] --END-- [ RunTime:0.010021s ]
INFO: [ view_filter ] --START--
INFO: Run Behavior\WriteHtmlCacheBehavior [ RunTime:0.000482s ]
INFO: [ view_filter ] --END-- [ RunTime:0.000555s ]
INFO: [ app_end ] --START--
INFO: Run Behavior\ShowPageTraceBehavior [ RunTime:0.000758s ]
INFO: [ app_end ] --END-- [ RunTime:0.000840s ]

[ 2016-09-05T22:40:35+08:00 ] 127.0.0.1 /index.php
INFO: [ app_init ] --START--
INFO: Run Behavior\BuildLiteBehavior [ RunTime:0.000023s ]
INFO: [ app_init ] --END-- [ RunTime:0.000501s ]
INFO: [ app_begin ] --START--
INFO: Run Behavior\ReadHtmlCacheBehavior [ RunTime:0.000639s ]
INFO: [ app_begin ] --END-- [ RunTime:0.000730s ]
SQL: SHOW COLUMNS FROM `rating_index` [ RunTime:0.0064s ]
SQL: SELECT `username` FROM `rating_index` WHERE ( status=0 ) ORDER BY tempinte desc LIMIT 10   [ RunTime:0.0006s ]
NOTIC: [8] Undefined offset: -1 E:\WWW\Application\Home\Controller\IndexController.class.php 第 11 行.
NOTIC: [8] Undefined offset: 2 E:\WWW\Application\Home\Controller\IndexController.class.php 第 11 行.
NOTIC: [8] Undefined offset: 3 E:\WWW\Application\Home\Controller\IndexController.class.php 第 11 行.
NOTIC: [8] Undefined offset: 4 E:\WWW\Application\Home\Controller\IndexController.class.php 第 11 行.
NOTIC: [8] Undefined offset: 5 E:\WWW\Application\Home\Controller\IndexController.class.php 第 11 行.
NOTIC: [8] Undefined offset: 6 E:\WWW\Application\Home\Controller\IndexController.class.php 第 11 行.
NOTIC: [8] Undefined offset: 7 E:\WWW\Application\Home\Controller\IndexController.class.php 第 11 行.
NOTIC: [8] Undefined offset: 8 E:\WWW\Application\Home\Controller\IndexController.class.php 第 11 行.
NOTIC: [8] Undefined offset: 9 E:\WWW\Application\Home\Controller\IndexController.class.php 第 11 行.
SQL: SELECT * FROM `rating_index` WHERE ( username="abc" ) LIMIT 1   [ RunTime:0.0003s ]
NOTIC: [8] Undefined index: level E:\WWW\Application\Home\Controller\IndexController.class.php 第 17 行.
SQL: SELECT COUNT(*) AS tp_Count FROM `rating_index` WHERE `tempinte` >= '768' ORDER BY tempinte asc,username asc LIMIT 1   [ RunTime:0.0003s ]
INFO: [ view_parse ] --START--
INFO: [ template_filter ] --START--
INFO: Run Behavior\ContentReplaceBehavior [ RunTime:0.000066s ]
INFO: [ template_filter ] --END-- [ RunTime:0.000166s ]
INFO: Run Behavior\ParseTemplateBehavior [ RunTime:0.010182s ]
INFO: [ view_parse ] --END-- [ RunTime:0.010289s ]
INFO: [ view_filter ] --START--
INFO: Run Behavior\WriteHtmlCacheBehavior [ RunTime:0.000373s ]
INFO: [ view_filter ] --END-- [ RunTime:0.000448s ]
INFO: [ app_end ] --START--
INFO: Run Behavior\ShowPageTraceBehavior [ RunTime:0.000653s ]
INFO: [ app_end ] --END-- [ RunTime:0.000731s ]

[ 2016-09-05T22:41:04+08:00 ] 127.0.0.1 /index.php
INFO: [ app_init ] --START--
INFO: Run Behavior\BuildLiteBehavior [ RunTime:0.000025s ]
INFO: [ app_init ] --END-- [ RunTime:0.000682s ]
INFO: [ app_begin ] --START--
INFO: Run Behavior\ReadHtmlCacheBehavior [ RunTime:0.000729s ]
INFO: [ app_begin ] --END-- [ RunTime:0.000886s ]
SQL: SHOW COLUMNS FROM `rating_index` [ RunTime:0.0066s ]
SQL: SELECT `username` FROM `rating_index` WHERE ( status=0 ) ORDER BY tempinte desc LIMIT 10   [ RunTime:0.0007s ]
NOTIC: [8] Undefined offset: -1 E:\WWW\Application\Home\Controller\IndexController.class.php 第 11 行.
NOTIC: [8] Undefined offset: 2 E:\WWW\Application\Home\Controller\IndexController.class.php 第 11 行.
NOTIC: [8] Undefined offset: 3 E:\WWW\Application\Home\Controller\IndexController.class.php 第 11 行.
NOTIC: [8] Undefined offset: 4 E:\WWW\Application\Home\Controller\IndexController.class.php 第 11 行.
NOTIC: [8] Undefined offset: 5 E:\WWW\Application\Home\Controller\IndexController.class.php 第 11 行.
NOTIC: [8] Undefined offset: 6 E:\WWW\Application\Home\Controller\IndexController.class.php 第 11 行.
NOTIC: [8] Undefined offset: 7 E:\WWW\Application\Home\Controller\IndexController.class.php 第 11 行.
NOTIC: [8] Undefined offset: 8 E:\WWW\Application\Home\Controller\IndexController.class.php 第 11 行.
NOTIC: [8] Undefined offset: 9 E:\WWW\Application\Home\Controller\IndexController.class.php 第 11 行.
SQL: SELECT * FROM `rating_index` WHERE ( username="abc" ) LIMIT 1   [ RunTime:0.0005s ]
SQL: SELECT COUNT(*) AS tp_Count FROM `rating_index` WHERE `tempinte` >= '768' ORDER BY tempinte asc,username asc LIMIT 1   [ RunTime:0.0003s ]
INFO: [ view_parse ] --START--
INFO: [ template_filter ] --START--
INFO: Run Behavior\ContentReplaceBehavior [ RunTime:0.000072s ]
INFO: [ template_filter ] --END-- [ RunTime:0.000186s ]
INFO: Run Behavior\ParseTemplateBehavior [ RunTime:0.009788s ]
INFO: [ view_parse ] --END-- [ RunTime:0.009899s ]
INFO: [ view_filter ] --START--
INFO: Run Behavior\WriteHtmlCacheBehavior [ RunTime:0.000357s ]
INFO: [ view_filter ] --END-- [ RunTime:0.000429s ]
INFO: [ app_end ] --START--
INFO: Run Behavior\ShowPageTraceBehavior [ RunTime:0.000639s ]
INFO: [ app_end ] --END-- [ RunTime:0.000716s ]

[ 2016-09-05T22:41:05+08:00 ] 127.0.0.1 /index.php
INFO: [ app_init ] --START--
INFO: Run Behavior\BuildLiteBehavior [ RunTime:0.000026s ]
INFO: [ app_init ] --END-- [ RunTime:0.000497s ]
INFO: [ app_begin ] --START--
INFO: Run Behavior\ReadHtmlCacheBehavior [ RunTime:0.000838s ]
INFO: [ app_begin ] --END-- [ RunTime:0.000968s ]
SQL: SHOW COLUMNS FROM `rating_index` [ RunTime:0.0061s ]
SQL: SELECT `username` FROM `rating_index` WHERE ( status=0 ) ORDER BY tempinte desc LIMIT 10   [ RunTime:0.0005s ]
NOTIC: [8] Undefined offset: -1 E:\WWW\Application\Home\Controller\IndexController.class.php 第 11 行.
NOTIC: [8] Undefined offset: 2 E:\WWW\Application\Home\Controller\IndexController.class.php 第 11 行.
NOTIC: [8] Undefined offset: 3 E:\WWW\Application\Home\Controller\IndexController.class.php 第 11 行.
NOTIC: [8] Undefined offset: 4 E:\WWW\Application\Home\Controller\IndexController.class.php 第 11 行.
NOTIC: [8] Undefined offset: 5 E:\WWW\Application\Home\Controller\IndexController.class.php 第 11 行.
NOTIC: [8] Undefined offset: 6 E:\WWW\Application\Home\Controller\IndexController.class.php 第 11 行.
NOTIC: [8] Undefined offset: 7 E:\WWW\Application\Home\Controller\IndexController.class.php 第 11 行.
NOTIC: [8] Undefined offset: 8 E:\WWW\Application\Home\Controller\IndexController.class.php 第 11 行.
NOTIC: [8] Undefined offset: 9 E:\WWW\Application\Home\Controller\IndexController.class.php 第 11 行.
SQL: SELECT * FROM `rating_index` WHERE ( username="abc" ) LIMIT 1   [ RunTime:0.0003s ]
SQL: SELECT COUNT(*) AS tp_Count FROM `rating_index` WHERE `tempinte` >= '768' ORDER BY tempinte asc,username asc LIMIT 1   [ RunTime:0.0002s ]
INFO: [ view_parse ] --START--
INFO: [ template_filter ] --START--
INFO: Run Behavior\ContentReplaceBehavior [ RunTime:0.000070s ]
INFO: [ template_filter ] --END-- [ RunTime:0.000177s ]
INFO: Run Behavior\ParseTemplateBehavior [ RunTime:0.009531s ]
INFO: [ view_parse ] --END-- [ RunTime:0.009637s ]
INFO: [ view_filter ] --START--
INFO: Run Behavior\WriteHtmlCacheBehavior [ RunTime:0.000385s ]
INFO: [ view_filter ] --END-- [ RunTime:0.000458s ]
INFO: [ app_end ] --START--
INFO: Run Behavior\ShowPageTraceBehavior [ RunTime:0.000659s ]
INFO: [ app_end ] --END-- [ RunTime:0.000737s ]

